<?xml version="1.0" encoding="UTF-8"?>
<testsuite xmlns:xsi="http://www.w3.org/2001/XMLSchema-instance" xsi:noNamespaceSchemaLocation="https://maven.apache.org/surefire/maven-surefire-plugin/xsd/surefire-test-report.xsd" name="google.JUnitTestSuite" time="0.2" tests="1" errors="1" skipped="0" failures="0">
  <properties>
[...]
</properties>
  <testcase name="testHomePageHasAHeader" classname="google.SampleJUnitTest" time="0.146">
    <error message="java.lang.reflect.InvocationTargetException" type="ru.stqa.selenium.factory.DriverCreationError">ru.stqa.selenium.factory.DriverCreationError: java.lang.reflect.InvocationTargetException
Caused by: java.lang.reflect.InvocationTargetException
Caused by: org.openqa.selenium.WebDriverException: 
Cannot find firefox binary in PATH. Make sure firefox is installed. OS appears to be: WIN10
Build info: version: '3.4.0', revision: 'unknown', time: 'unknown'
System info: host: 'KASHYAP-PC', ip: '192.168.1.6', os.name: 'Windows 10', os.arch: 'amd64', os.version: '10.0', java.version: '1.8.0_291'
Driver info: driver.version: FirefoxDriver
</error>
  </testcase>
</testsuite>